<?xml version="1.0" encoding="UTF-8"?>
<testng-results skipped="0" failed="0" total="1" passed="1">
  <reporter-output>
  </reporter-output>
  <suite name="Suite" duration-ms="70610" started-at="2022-03-15T14:08:13Z" finished-at="2022-03-15T14:09:24Z">
    <groups>
    </groups>
    <test name="Test" duration-ms="70610" started-at="2022-03-15T14:08:13Z" finished-at="2022-03-15T14:09:24Z">
      <class name="adact.pomtask.AdactRun">
        <test-method status="PASS" signature="beforeClass()[pri:0, instance:adact.pomtask.AdactRun@617c74e5]" name="beforeClass" is-config="true" duration-ms="41159" started-at="2022-03-15T19:38:13Z" finished-at="2022-03-15T19:38:54Z">
          <reporter-output>
          </reporter-output>
        </test-method> <!-- beforeClass -->
        <test-method status="PASS" signature="adactAllTest()[pri:0, instance:adact.pomtask.AdactRun@617c74e5]" name="adactAllTest" duration-ms="24661" started-at="2022-03-15T19:38:54Z" finished-at="2022-03-15T19:39:19Z">
          <reporter-output>
          </reporter-output>
        </test-method> <!-- adactAllTest -->
        <test-method status="PASS" signature="afterClass()[pri:0, instance:adact.pomtask.AdactRun@617c74e5]" name="afterClass" is-config="true" duration-ms="4749" started-at="2022-03-15T19:39:19Z" finished-at="2022-03-15T19:39:24Z">
          <reporter-output>
          </reporter-output>
        </test-method> <!-- afterClass -->
      </class> <!-- adact.pomtask.AdactRun -->
    </test> <!-- Test -->
  </suite> <!-- Suite -->
</testng-results>
